WARN  2018-07-18 13:43:01 unityreak_table (break_type) <unknown>:0 Invalid UTF-8 string passed to pango_layout_set_text()
WARN  2018-07-18 13:43:01 unityreak_table (break_type) <unknown>:0 Invalid UTF-8 string passed to pango_layout_set_text()
WARN  2018-07-18 13:54:24 unityreak_table (break_type) <unknown>:0 Invalid UTF-8 string passed to pango_layout_set_text()
WARN  2018-07-18 13:54:24 unityreak_table (break_type) <unknown>:0 Invalid UTF-8 string passed to pango_layout_set_text()
WARN  2018-07-18 13:54:32 unityreak_table (break_type) <unknown>:0 Invalid UTF-8 string passed to pango_layout_set_text()
WARN  2018-07-18 13:54:32 unityreak_table (break_type) <unknown>:0 Invalid UTF-8 string passed to pango_layout_set_text()
WARN  2018-07-18 13:54:41 unityreak_table (break_type) <unknown>:0 Invalid UTF-8 string passed to pango_layout_set_text()
WARN  2018-07-18 13:54:41 unityreak_table (break_type) <unknown>:0 Invalid UTF-8 string passed to pango_layout_set_text()
WARN  2018-07-18 13:54:45 unityreak_table (break_type) <unknown>:0 Invalid UTF-8 string passed to pango_layout_set_text()
WARN  2018-07-18 13:54:45 unityreak_table (break_type) <unknown>:0 Invalid UTF-8 string passed to pango_layout_set_text()
WARN  2018-07-18 13:54:52 unityreak_table (break_type) <unknown>:0 Invalid UTF-8 string passed to pango_layout_set_text()
WARN  2018-07-18 13:54:52 unityreak_table (break_type) <unknown>:0 Invalid UTF-8 string passed to pango_layout_set_text()
WARN  2018-07-18 13:55:19 unityreak_table (break_type) <unknown>:0 Invalid UTF-8 string passed to pango_layout_set_text()
WARN  2018-07-18 13:55:19 unityreak_table (break_type) <unknown>:0 Invalid UTF-8 string passed to pango_layout_set_text()
WARN  2018-07-18 13:55:22 unityreak_table (break_type) <unknown>:0 Invalid UTF-8 string passed to pango_layout_set_text()
WARN  2018-07-18 13:55:22 unityreak_table (break_type) <unknown>:0 Invalid UTF-8 string passed to pango_layout_set_text()
WARN  2018-07-18 13:55:43 unityreak_table (break_type) <unknown>:0 Invalid UTF-8 string passed to pango_layout_set_text()
WARN  2018-07-18 13:55:43 unityreak_table (break_type) <unknown>:0 Invalid UTF-8 string passed to pango_layout_set_text()
WARN  2018-07-18 13:55:44 unityreak_table (break_type) <unknown>:0 Invalid UTF-8 string passed to pango_layout_set_text()
WARN  2018-07-18 13:55:44 unityreak_table (break_type) <unknown>:0 Invalid UTF-8 string passed to pango_layout_set_text()
WARN  2018-07-18 13:55:52 unityreak_table (break_type) <unknown>:0 Invalid UTF-8 string passed to pango_layout_set_text()
WARN  2018-07-18 13:55:52 unityreak_table (break_type) <unknown>:0 Invalid UTF-8 string passed to pango_layout_set_text()
WARN  2018-07-18 13:56:05 unityreak_table (break_type) <unknown>:0 Invalid UTF-8 string passed to pango_layout_set_text()
WARN  2018-07-18 13:56:05 unityreak_table (break_type) <unknown>:0 Invalid UTF-8 string passed to pango_layout_set_text()
WARN  2018-07-18 13:56:19 unityreak_table (break_type) <unknown>:0 Invalid UTF-8 string passed to pango_layout_set_text()
WARN  2018-07-18 13:56:19 unityreak_table (break_type) <unknown>:0 Invalid UTF-8 string passed to pango_layout_set_text()
WARN  2018-07-18 13:56:28 unityreak_table (break_type) <unknown>:0 Invalid UTF-8 string passed to pango_layout_set_text()
WARN  2018-07-18 13:56:28 unityreak_table (break_type) <unknown>:0 Invalid UTF-8 string passed to pango_layout_set_text()
WARN  2018-07-18 13:56:29 unityreak_table (break_type) <unknown>:0 Invalid UTF-8 string passed to pango_layout_set_text()
WARN  2018-07-18 13:56:29 unityreak_table (break_type) <unknown>:0 Invalid UTF-8 string passed to pango_layout_set_text()
WARN  2018-07-18 13:56:33 unityreak_table (break_type) <unknown>:0 Invalid UTF-8 string passed to pango_layout_set_text()
WARN  2018-07-18 13:56:33 unityreak_table (break_type) <unknown>:0 Invalid UTF-8 string passed to pango_layout_set_text()
WARN  2018-07-18 13:56:43 unityreak_table (break_type) <unknown>:0 Invalid UTF-8 string passed to pango_layout_set_text()
WARN  2018-07-18 13:56:43 unityreak_table (break_type) <unknown>:0 Invalid UTF-8 string passed to pango_layout_set_text()
WARN  2018-07-18 13:56:47 unityreak_table (break_type) <unknown>:0 Invalid UTF-8 string passed to pango_layout_set_text()
WARN  2018-07-18 13:56:47 unityreak_table (break_type) <unknown>:0 Invalid UTF-8 string passed to pango_layout_set_text()
WARN  2018-07-18 13:56:51 unityreak_table (break_type) <unknown>:0 Invalid UTF-8 string passed to pango_layout_set_text()
WARN  2018-07-18 13:56:51 unityreak_table (break_type) <unknown>:0 Invalid UTF-8 string passed to pango_layout_set_text()
WARN  2018-07-18 13:56:52 unityreak_table (break_type) <unknown>:0 Invalid UTF-8 string passed to pango_layout_set_text()
WARN  2018-07-18 13:56:52 unityreak_table (break_type) <unknown>:0 Invalid UTF-8 string passed to pango_layout_set_text()
WARN  2018-07-18 13:56:57 unityreak_table (break_type) <unknown>:0 Invalid UTF-8 string passed to pango_layout_set_text()
WARN  2018-07-18 13:56:57 unityreak_table (break_type) <unknown>:0 Invalid UTF-8 string passed to pango_layout_set_text()
WARN  2018-07-18 13:57:00 unityreak_table (break_type) <unknown>:0 Invalid UTF-8 string passed to pango_layout_set_text()
WARN  2018-07-18 13:57:00 unityreak_table (break_type) <unknown>:0 Invalid UTF-8 string passed to pango_layout_set_text()
WARN  2018-07-18 13:57:00 unityreak_table (break_type) <unknown>:0 Invalid UTF-8 string passed to pango_layout_set_text()
WARN  2018-07-18 13:57:00 unityreak_table (break_type) <unknown>:0 Invalid UTF-8 string passed to pango_layout_set_text()
WARN  2018-07-18 13:57:15 unityreak_table (break_type) <unknown>:0 Invalid UTF-8 string passed to pango_layout_set_text()
WARN  2018-07-18 13:57:15 unityreak_table (break_type) <unknown>:0 Invalid UTF-8 string passed to pango_layout_set_text()
WARN  2018-07-18 13:57:20 unityreak_table (break_type) <unknown>:0 Invalid UTF-8 string passed to pango_layout_set_text()
WARN  2018-07-18 13:57:20 unityreak_table (break_type) <unknown>:0 Invalid UTF-8 string passed to pango_layout_set_text()
WARN  2018-07-18 13:57:25 unityreak_table (break_type) <unknown>:0 Invalid UTF-8 string passed to pango_layout_set_text()
WARN  2018-07-18 13:57:25 unityreak_table (break_type) <unknown>:0 Invalid UTF-8 string passed to pango_layout_set_text()
WARN  2018-07-18 13:58:46 unityreak_table (break_type) <unknown>:0 Invalid UTF-8 string passed to pango_layout_set_text()
WARN  2018-07-18 13:58:46 unityreak_table (break_type) <unknown>:0 Invalid UTF-8 string passed to pango_layout_set_text()
WARN  2018-07-18 13:59:23 unityreak_table (break_type) <unknown>:0 Invalid UTF-8 string passed to pango_layout_set_text()
WARN  2018-07-18 13:59:23 unityreak_table (break_type) <unknown>:0 Invalid UTF-8 string passed to pango_layout_set_text()
WARN  2018-07-18 13:59:32 unityreak_table (break_type) <unknown>:0 Invalid UTF-8 string passed to pango_layout_set_text()
WARN  2018-07-18 13:59:32 unityreak_table (break_type) <unknown>:0 Invalid UTF-8 string passed to pango_layout_set_text()
WARN  2018-07-18 14:01:30 unityreak_table (break_type) <unknown>:0 Invalid UTF-8 string passed to pango_layout_set_text()
WARN  2018-07-18 14:01:30 unityreak_table (break_type) <unknown>:0 Invalid UTF-8 string passed to pango_layout_set_text()

(nautilus:9168): GLib-GIO-CRITICAL **: g_dbus_interface_skeleton_unexport: assertion 'interface_->priv->connections != NULL' failed

(nautilus:9168): GLib-GIO-CRITICAL **: g_dbus_interface_skeleton_unexport: assertion 'interface_->priv->connections != NULL' failed

(nautilus:9168): Gtk-CRITICAL **: gtk_icon_theme_get_for_screen: assertion 'GDK_IS_SCREEN (screen)' failed

(nautilus:9168): GLib-GObject-WARNING **: invalid (NULL) pointer instance

(nautilus:9168): GLib-GObject-CRITICAL **: g_signal_connect_object: assertion 'G_TYPE_CHECK_INSTANCE (instance)' failed
ERROR 2018-07-18 16:02:53 unity.decoration.shape DecorationsShape.cpp:73 Failed to get shape rectangles
compiz (opengl) - Error: Impossible to bind a pixmap bigger than 8192x8192 to texture.
ERROR 2018-07-18 16:02:53 unity.decoration.shape DecorationsShape.cpp:73 Failed to get shape rectangles
compiz (opengl) - Error: Impossible to bind a pixmap bigger than 8192x8192 to texture.
ERROR 2018-07-18 16:02:54 unity.decoration.shape DecorationsShape.cpp:73 Failed to get shape rectangles
compiz (opengl) - Error: Impossible to bind a pixmap bigger than 8192x8192 to texture.
ERROR 2018-07-18 16:02:54 unity.decoration.shape DecorationsShape.cpp:73 Failed to get shape rectangles
compiz (opengl) - Error: Impossible to bind a pixmap bigger than 8192x8192 to texture.
