current directory: /home/aravindh/environment/hello_app/path/gems/byebug-9.0.6/ext/byebug
/home/aravindh/.rbenv/versions/2.3.1/bin/ruby -r ./siteconf20180718-1081-1rkkbla.rb extconf.rb
Ignoring binding_of_caller-0.8.0 because its extensions are not built.  Try: gem pristine binding_of_caller --version 0.8.0
Ignoring byebug-10.0.2 because its extensions are not built.  Try: gem pristine byebug --version 10.0.2
Ignoring debug_inspector-0.0.3 because its extensions are not built.  Try: gem pristine debug_inspector --version 0.0.3
Ignoring ffi-1.9.25 because its extensions are not built.  Try: gem pristine ffi --version 1.9.25
Ignoring json-1.8.6 because its extensions are not built.  Try: gem pristine json --version 1.8.6
Ignoring puma-3.9.1 because its extensions are not built.  Try: gem pristine puma --version 3.9.1
Ignoring sqlite3-1.3.13 because its extensions are not built.  Try: gem pristine sqlite3 --version 1.3.13
creating Makefile

current directory: /home/aravindh/environment/hello_app/path/gems/byebug-9.0.6/ext/byebug
make "DESTDIR=" clean

current directory: /home/aravindh/environment/hello_app/path/gems/byebug-9.0.6/ext/byebug
make "DESTDIR="
compiling breakpoint.c
compiling locker.c
compiling byebug.c
compiling threads.c
compiling context.c
linking shared-object byebug/byebug.so

current directory: /home/aravindh/environment/hello_app/path/gems/byebug-9.0.6/ext/byebug
make "DESTDIR=" install
/usr/bin/install -c -m 0755 byebug.so ./.gem.20180718-1081-1k7v8bx/byebug
