current directory: /home/aravindh/environment/hello_app/path/gems/puma-3.9.1/ext/puma_http11
/home/aravindh/.rbenv/versions/2.3.1/bin/ruby -r ./siteconf20180718-1081-1dls3r4.rb extconf.rb
Ignoring binding_of_caller-0.8.0 because its extensions are not built.  Try: gem pristine binding_of_caller --version 0.8.0
Ignoring byebug-10.0.2 because its extensions are not built.  Try: gem pristine byebug --version 10.0.2
Ignoring debug_inspector-0.0.3 because its extensions are not built.  Try: gem pristine debug_inspector --version 0.0.3
Ignoring json-1.8.6 because its extensions are not built.  Try: gem pristine json --version 1.8.6
Ignoring sqlite3-1.3.13 because its extensions are not built.  Try: gem pristine sqlite3 --version 1.3.13
checking for BIO_read() in -lcrypto... yes
checking for SSL_CTX_new() in -lssl... yes
checking for openssl/bio.h... yes
creating Makefile

To see why this extension failed to compile, please check the mkmf.log which can be found here:

  /home/aravindh/environment/hello_app/path/extensions/x86_64-linux/2.3.0-static/puma-3.9.1/mkmf.log

current directory: /home/aravindh/environment/hello_app/path/gems/puma-3.9.1/ext/puma_http11
make "DESTDIR=" clean

current directory: /home/aravindh/environment/hello_app/path/gems/puma-3.9.1/ext/puma_http11
make "DESTDIR="
compiling puma_http11.c
compiling io_buffer.c
compiling http11_parser.c
In file included from ext/puma_http11/http11_parser.rl:8:0:
ext/puma_http11/http11_parser.rl: In function ‘puma_parser_execute’:
ext/puma_http11/http11_parser.rl:111:17: warning: comparison between signed and unsigned integer expressions [-Wsign-compare]
compiling mini_ssl.c
mini_ssl.c: In function ‘engine_init_server’:
mini_ssl.c:153:3: warning: ISO C90 forbids mixed declarations and code [-Wdeclaration-after-statement]
   ID sym_cert = rb_intern("cert");
   ^
mini_ssl.c:158:3: warning: ISO C90 forbids mixed declarations and code [-Wdeclaration-after-statement]
   ID sym_ca = rb_intern("ca");
   ^
mini_ssl.c:180:3: warning: ISO C90 forbids mixed declarations and code [-Wdeclaration-after-statement]
   DH *dh = get_dh1024();
   ^
mini_ssl.c:184:3: warning: ISO C90 forbids mixed declarations and code [-Wdeclaration-after-statement]
   EC_KEY *ecdh = EC_KEY_new_by_curve_name(NID_secp521r1);
   ^
linking shared-object puma/puma_http11.so

current directory: /home/aravindh/environment/hello_app/path/gems/puma-3.9.1/ext/puma_http11
make "DESTDIR=" install
/usr/bin/install -c -m 0755 puma_http11.so ./.gem.20180718-1081-1af30v7/puma
