current directory: /home/aravindh/environment/hello_app/path/gems/websocket-driver-0.6.5/ext/websocket-driver
/home/aravindh/.rbenv/versions/2.3.1/bin/ruby -r ./siteconf20180718-1081-j7rt.rb extconf.rb
Ignoring bindex-0.5.0 because its extensions are not built.  Try: gem pristine bindex --version 0.5.0
Ignoring binding_of_caller-0.8.0 because its extensions are not built.  Try: gem pristine binding_of_caller --version 0.8.0
Ignoring byebug-10.0.2 because its extensions are not built.  Try: gem pristine byebug --version 10.0.2
Ignoring byebug-9.0.6 because its extensions are not built.  Try: gem pristine byebug --version 9.0.6
Ignoring debug_inspector-0.0.3 because its extensions are not built.  Try: gem pristine debug_inspector --version 0.0.3
Ignoring ffi-1.9.25 because its extensions are not built.  Try: gem pristine ffi --version 1.9.25
Ignoring json-1.8.6 because its extensions are not built.  Try: gem pristine json --version 1.8.6
Ignoring puma-3.9.1 because its extensions are not built.  Try: gem pristine puma --version 3.9.1
Ignoring sqlite3-1.3.13 because its extensions are not built.  Try: gem pristine sqlite3 --version 1.3.13
creating Makefile

current directory: /home/aravindh/environment/hello_app/path/gems/websocket-driver-0.6.5/ext/websocket-driver
make "DESTDIR=" clean

current directory: /home/aravindh/environment/hello_app/path/gems/websocket-driver-0.6.5/ext/websocket-driver
make "DESTDIR="
compiling websocket_mask.c
linking shared-object websocket_mask.so

current directory: /home/aravindh/environment/hello_app/path/gems/websocket-driver-0.6.5/ext/websocket-driver
make "DESTDIR=" install
/usr/bin/install -c -m 0755 websocket_mask.so ./.gem.20180718-1081-ekml59
