current directory: /home/aravindh/environment/toy_app/path/gems/ffi-1.9.25/ext/ffi_c
/home/aravindh/.rbenv/versions/2.3.1/bin/ruby -r ./siteconf20180718-10814-19zftyp.rb extconf.rb
checking for ffi_call() in -lffi... yes
checking for ffi_closure_alloc()... yes
checking for ffi_raw_call()... yes
checking for ffi_prep_raw_closure()... yes
checking for shlwapi.h... no
checking for ruby/thread.h... yes
checking for rb_thread_blocking_region()... no
checking for rb_thread_call_with_gvl()... yes
checking for rb_thread_call_without_gvl()... yes
checking for ffi_prep_cif_var()... yes
creating extconf.h
creating Makefile

To see why this extension failed to compile, please check the mkmf.log which can be found here:

  /home/aravindh/environment/toy_app/path/extensions/x86_64-linux/2.3.0-static/ffi-1.9.25/mkmf.log

current directory: /home/aravindh/environment/toy_app/path/gems/ffi-1.9.25/ext/ffi_c
make "DESTDIR=" clean

current directory: /home/aravindh/environment/toy_app/path/gems/ffi-1.9.25/ext/ffi_c
make "DESTDIR="
compiling MethodHandle.c
compiling Function.c
compiling Buffer.c
compiling ClosurePool.c
compiling DataConverter.c
compiling Struct.c
compiling Pointer.c
compiling Types.c
compiling MemoryPointer.c
compiling MappedType.c
compiling ArrayType.c
compiling Thread.c
compiling Platform.c
compiling ffi.c
compiling StructLayout.c
compiling DynamicLibrary.c
compiling Variadic.c
compiling Type.c
compiling LastError.c
compiling FunctionInfo.c
compiling StructByReference.c
compiling Call.c
compiling LongDouble.c
compiling AbstractMemory.c
compiling StructByValue.c
linking shared-object ffi_c.so

current directory: /home/aravindh/environment/toy_app/path/gems/ffi-1.9.25/ext/ffi_c
make "DESTDIR=" install
/usr/bin/install -c -m 0755 ffi_c.so ./.gem.20180718-10814-blv7dp
